[ 2017-06-21T14:59:08+08:00 ] ::1 /input_ex/index.php
INFO: [ app_init ] --START--
INFO: Run Behavior\BuildLiteBehavior [ RunTime:0.000044s ]
INFO: [ app_init ] --END-- [ RunTime:0.000117s ]
INFO: [ app_begin ] --START--
INFO: Run Behavior\ReadHtmlCacheBehavior [ RunTime:0.000857s ]
INFO: [ app_begin ] --END-- [ RunTime:0.001001s ]
INFO: [ view_parse ] --START--
INFO: [ template_filter ] --START--
INFO: Run Behavior\ContentReplaceBehavior [ RunTime:0.000052s ]
INFO: [ template_filter ] --END-- [ RunTime:0.000176s ]
INFO: Run Behavior\ParseTemplateBehavior [ RunTime:0.006396s ]
INFO: [ view_parse ] --END-- [ RunTime:0.006522s ]
INFO: [ view_filter ] --START--
INFO: Run Behavior\WriteHtmlCacheBehavior [ RunTime:0.000255s ]
INFO: [ view_filter ] --END-- [ RunTime:0.000333s ]
INFO: [ app_end ] --START--
INFO: Run Behavior\ShowPageTraceBehavior [ RunTime:0.000676s ]
INFO: [ app_end ] --END-- [ RunTime:0.000773s ]

[ 2017-06-21T15:07:26+08:00 ] ::1 /input_ex/index.php/home
INFO: [ app_init ] --START--
INFO: Run Behavior\BuildLiteBehavior [ RunTime:0.000020s ]
INFO: [ app_init ] --END-- [ RunTime:0.000745s ]
INFO: [ app_begin ] --START--
INFO: Run Behavior\ReadHtmlCacheBehavior [ RunTime:0.000978s ]
INFO: [ app_begin ] --END-- [ RunTime:0.001057s ]
INFO: [ view_parse ] --START--
INFO: [ template_filter ] --START--
INFO: Run Behavior\ContentReplaceBehavior [ RunTime:0.000047s ]
INFO: [ template_filter ] --END-- [ RunTime:0.000129s ]
INFO: Run Behavior\ParseTemplateBehavior [ RunTime:0.010874s ]
INFO: [ view_parse ] --END-- [ RunTime:0.010947s ]
INFO: [ view_filter ] --START--
INFO: Run Behavior\WriteHtmlCacheBehavior [ RunTime:0.000383s ]
INFO: [ view_filter ] --END-- [ RunTime:0.000433s ]
INFO: [ app_end ] --START--
INFO: Run Behavior\ShowPageTraceBehavior [ RunTime:0.000827s ]
INFO: [ app_end ] --END-- [ RunTime:0.000895s ]

[ 2017-06-21T17:04:43+08:00 ] ::1 /input_ex/index.php/home
INFO: [ app_init ] --START--
INFO: Run Behavior\BuildLiteBehavior [ RunTime:0.000017s ]
INFO: [ app_init ] --END-- [ RunTime:0.000574s ]
INFO: [ app_begin ] --START--
INFO: Run Behavior\ReadHtmlCacheBehavior [ RunTime:0.000631s ]
INFO: [ app_begin ] --END-- [ RunTime:0.000700s ]

[ 2017-06-21T17:05:06+08:00 ] ::1 /input_ex/index.php/home
INFO: [ app_init ] --START--
INFO: Run Behavior\BuildLiteBehavior [ RunTime:0.000013s ]
INFO: [ app_init ] --END-- [ RunTime:0.000322s ]
INFO: [ app_begin ] --START--
INFO: Run Behavior\ReadHtmlCacheBehavior [ RunTime:0.000408s ]
INFO: [ app_begin ] --END-- [ RunTime:0.000460s ]
INFO: [ view_parse ] --START--
INFO: [ template_filter ] --START--
INFO: Run Behavior\ContentReplaceBehavior [ RunTime:0.000042s ]
INFO: [ template_filter ] --END-- [ RunTime:0.000106s ]
INFO: Run Behavior\ParseTemplateBehavior [ RunTime:0.008115s ]
INFO: [ view_parse ] --END-- [ RunTime:0.008165s ]
INFO: [ view_filter ] --START--
INFO: Run Behavior\WriteHtmlCacheBehavior [ RunTime:0.000355s ]
INFO: [ view_filter ] --END-- [ RunTime:0.000410s ]
INFO: [ app_end ] --START--
INFO: Run Behavior\ShowPageTraceBehavior [ RunTime:0.000641s ]
INFO: [ app_end ] --END-- [ RunTime:0.000698s ]

[ 2017-06-21T17:05:08+08:00 ] ::1 /input_ex/index.php/home
INFO: [ app_init ] --START--
INFO: Run Behavior\BuildLiteBehavior [ RunTime:0.000014s ]
INFO: [ app_init ] --END-- [ RunTime:0.000317s ]
INFO: [ app_begin ] --START--
INFO: Run Behavior\ReadHtmlCacheBehavior [ RunTime:0.000412s ]
INFO: [ app_begin ] --END-- [ RunTime:0.000464s ]
INFO: [ view_parse ] --START--
INFO: [ template_filter ] --START--
INFO: Run Behavior\ContentReplaceBehavior [ RunTime:0.000035s ]
INFO: [ template_filter ] --END-- [ RunTime:0.000096s ]
INFO: Run Behavior\ParseTemplateBehavior [ RunTime:0.005294s ]
INFO: [ view_parse ] --END-- [ RunTime:0.005344s ]
INFO: [ view_filter ] --START--
INFO: Run Behavior\WriteHtmlCacheBehavior [ RunTime:0.000128s ]
INFO: [ view_filter ] --END-- [ RunTime:0.000168s ]
INFO: [ app_end ] --START--
INFO: Run Behavior\ShowPageTraceBehavior [ RunTime:0.000413s ]
INFO: [ app_end ] --END-- [ RunTime:0.000458s ]

[ 2017-06-21T17:05:09+08:00 ] ::1 /input_ex/index.php/Home/Index/expUser.html
INFO: [ app_init ] --START--
INFO: Run Behavior\BuildLiteBehavior [ RunTime:0.000018s ]
INFO: [ app_init ] --END-- [ RunTime:0.000372s ]
INFO: [ app_begin ] --START--
INFO: Run Behavior\ReadHtmlCacheBehavior [ RunTime:0.000467s ]
INFO: [ app_begin ] --END-- [ RunTime:0.000537s ]
SQL: SHOW COLUMNS FROM `t_new` [ RunTime:0.0017s ]
SQL: SELECT `id`,`name`,`create_time`,`birth`,`create_time`,`status` FROM `t_new`  [ RunTime:0.0003s ]
NOTIC: [8] Undefined index: account /Users/NaDou329/Desktop/input_ex/Application/Home/Controller/IndexController.class.php 第 21 行.

[ 2017-06-21T17:06:00+08:00 ] ::1 /input_ex/index.php/Home/Index/expUser.html
INFO: [ app_init ] --START--
INFO: Run Behavior\BuildLiteBehavior [ RunTime:0.000025s ]
INFO: [ app_init ] --END-- [ RunTime:0.000475s ]
INFO: [ app_begin ] --START--
INFO: Run Behavior\ReadHtmlCacheBehavior [ RunTime:0.000466s ]
INFO: [ app_begin ] --END-- [ RunTime:0.000520s ]
SQL: SHOW COLUMNS FROM `t_new` [ RunTime:0.0020s ]
SQL: SELECT `id`,`name`,`create_time`,`birth`,`create_time`,`status` FROM `t_new`  [ RunTime:0.0003s ]
NOTIC: [8] Undefined index: account /Users/NaDou329/Desktop/input_ex/Application/Home/Controller/IndexController.class.php 第 21 行.

[ 2017-06-21T17:06:25+08:00 ] ::1 /input_ex/index.php/Home/Index/expUser.html
INFO: [ app_init ] --START--
INFO: Run Behavior\BuildLiteBehavior [ RunTime:0.000014s ]
INFO: [ app_init ] --END-- [ RunTime:0.000305s ]
INFO: [ app_begin ] --START--
INFO: Run Behavior\ReadHtmlCacheBehavior [ RunTime:0.000652s ]
INFO: [ app_begin ] --END-- [ RunTime:0.000725s ]
SQL: SHOW COLUMNS FROM `t_new` [ RunTime:0.0019s ]
SQL: SELECT `id`,`name`,`create_time`,`birth`,`create_time`,`status` FROM `t_new`  [ RunTime:0.0003s ]
NOTIC: [8] Undefined index: account /Users/NaDou329/Desktop/input_ex/Application/Home/Controller/IndexController.class.php 第 21 行.

[ 2017-06-21T17:06:25+08:00 ] ::1 /input_ex/index.php/Home/Index/expUser.html
INFO: [ app_init ] --START--
INFO: Run Behavior\BuildLiteBehavior [ RunTime:0.000021s ]
INFO: [ app_init ] --END-- [ RunTime:0.000427s ]
INFO: [ app_begin ] --START--
INFO: Run Behavior\ReadHtmlCacheBehavior [ RunTime:0.000483s ]
INFO: [ app_begin ] --END-- [ RunTime:0.000536s ]
SQL: SHOW COLUMNS FROM `t_new` [ RunTime:0.0019s ]
SQL: SELECT `id`,`name`,`create_time`,`birth`,`create_time`,`status` FROM `t_new`  [ RunTime:0.0002s ]
NOTIC: [8] Undefined index: account /Users/NaDou329/Desktop/input_ex/Application/Home/Controller/IndexController.class.php 第 21 行.

[ 2017-06-21T17:06:26+08:00 ] ::1 /input_ex/index.php/Home/Index/expUser.html
INFO: [ app_init ] --START--
INFO: Run Behavior\BuildLiteBehavior [ RunTime:0.000013s ]
INFO: [ app_init ] --END-- [ RunTime:0.000297s ]
INFO: [ app_begin ] --START--
INFO: Run Behavior\ReadHtmlCacheBehavior [ RunTime:0.000438s ]
INFO: [ app_begin ] --END-- [ RunTime:0.000506s ]
SQL: SHOW COLUMNS FROM `t_new` [ RunTime:0.0018s ]
SQL: SELECT `id`,`name`,`create_time`,`birth`,`create_time`,`status` FROM `t_new`  [ RunTime:0.0002s ]
NOTIC: [8] Undefined index: account /Users/NaDou329/Desktop/input_ex/Application/Home/Controller/IndexController.class.php 第 21 行.

[ 2017-06-21T17:06:27+08:00 ] ::1 /input_ex/index.php/Home/Index/expUser.html
INFO: [ app_init ] --START--
INFO: Run Behavior\BuildLiteBehavior [ RunTime:0.000021s ]
INFO: [ app_init ] --END-- [ RunTime:0.000519s ]
INFO: [ app_begin ] --START--
INFO: Run Behavior\ReadHtmlCacheBehavior [ RunTime:0.000513s ]
INFO: [ app_begin ] --END-- [ RunTime:0.000570s ]
SQL: SHOW COLUMNS FROM `t_new` [ RunTime:0.0020s ]
SQL: SELECT `id`,`name`,`create_time`,`birth`,`create_time`,`status` FROM `t_new`  [ RunTime:0.0002s ]
NOTIC: [8] Undefined index: account /Users/NaDou329/Desktop/input_ex/Application/Home/Controller/IndexController.class.php 第 21 行.

[ 2017-06-21T17:06:32+08:00 ] ::1 /input_ex/index.php/Home/Index/expUser.html
INFO: [ app_init ] --START--
INFO: Run Behavior\BuildLiteBehavior [ RunTime:0.000013s ]
INFO: [ app_init ] --END-- [ RunTime:0.000328s ]
INFO: [ app_begin ] --START--
INFO: Run Behavior\ReadHtmlCacheBehavior [ RunTime:0.000405s ]
INFO: [ app_begin ] --END-- [ RunTime:0.000457s ]
SQL: SHOW COLUMNS FROM `t_new` [ RunTime:0.0020s ]
SQL: SELECT `id`,`name`,`create_time`,`birth`,`create_time`,`status` FROM `t_new`  [ RunTime:0.0002s ]
NOTIC: [8] Undefined index: account /Users/NaDou329/Desktop/input_ex/Application/Home/Controller/IndexController.class.php 第 21 行.

[ 2017-06-21T17:50:09+08:00 ] ::1 /input_ex/index.php/Home/Index/impUser.html
ERR: 1062:Duplicate entry '12' for key 'PRIMARY'
 [ SQL语句 ] : INSERT INTO `t_new` (`id`,`name`,`birth`,`create_time`,`status`) VALUES ('12','zhangna','1996','2017-05-10 10:49:48','1')

[ 2017-06-21T17:50:36+08:00 ] ::1 /input_ex/index.php/Home/Index/impUser.html
ERR: 1062:Duplicate entry '12' for key 'PRIMARY'
 [ SQL语句 ] : INSERT INTO `t_new` (`id`,`name`,`birth`,`create_time`,`status`) VALUES ('12','zhangna','1996','2017-05-10 10:49:48','1')

